2025-05-31 15:31:53,140 - root - INFO - Auto-assigned port: 50051
2025-05-31 15:31:53,153 - python_executor.server - INFO - WebhookExecutorServicer initialized
2025-05-31 15:31:53,153 - python_executor.server - INFO - Plugin directories: ['example_plugins']
2025-05-31 15:31:53,154 - webhook_bridge.filesystem - INFO - Extra path: None
2025-05-31 15:31:53,154 - webhook_bridge.filesystem - INFO - Added default plugin path: C:\github\webhook_bridge\webhook_bridge\plugins
2025-05-31 15:31:53,154 - webhook_bridge.filesystem - INFO - Searching for plugins in paths: ['C:\\github\\webhook_bridge\\webhook_bridge\\plugins']
2025-05-31 15:31:53,155 - webhook_bridge.filesystem - WARNING - Plugin path not found or not a directory: C:\github\webhook_bridge\webhook_bridge\plugins
2025-05-31 15:31:53,155 - webhook_bridge.filesystem - INFO - Found 0 plugins: []
2025-05-31 15:31:53,155 - python_executor.server - INFO - Environment validation passed. Found 0 plugins.
2025-05-31 15:31:53,157 - __main__ - INFO - Python Executor gRPC server started on localhost:50051
2025-05-31 15:31:53,158 - __main__ - INFO - Additional plugin directories: ['example_plugins']
2025-05-31 15:32:24,651 - python_executor.server - INFO - Listing available plugins
2025-05-31 15:32:24,653 - python_executor.server - INFO - Added 3 plugins from example_plugins
2025-05-31 15:32:24,679 - python_executor.server - INFO - Found 3 plugins (filtered from 3 total)
2025-05-31 15:33:24,548 - python_executor.server - INFO - Listing available plugins
2025-05-31 15:33:24,549 - python_executor.server - INFO - Added 3 plugins from example_plugins
2025-05-31 15:33:24,550 - python_executor.server - INFO - Found 3 plugins (filtered from 3 total)
2025-05-31 16:03:58,357 - root - INFO - Auto-assigned port: 50051
2025-05-31 16:03:58,373 - python_executor.server - INFO - WebhookExecutorServicer initialized
2025-05-31 16:03:58,373 - python_executor.server - INFO - Plugin directories: ['example_plugins']
2025-05-31 16:03:58,373 - webhook_bridge.filesystem - INFO - Extra path: None
2025-05-31 16:03:58,373 - webhook_bridge.filesystem - INFO - Added default plugin path: C:\github\webhook_bridge\webhook_bridge\plugins
2025-05-31 16:03:58,373 - webhook_bridge.filesystem - INFO - Searching for plugins in paths: ['C:\\github\\webhook_bridge\\webhook_bridge\\plugins']
2025-05-31 16:03:58,373 - webhook_bridge.filesystem - WARNING - Plugin path not found or not a directory: C:\github\webhook_bridge\webhook_bridge\plugins
2025-05-31 16:03:58,373 - webhook_bridge.filesystem - INFO - Found 0 plugins: []
2025-05-31 16:03:58,373 - python_executor.server - INFO - Environment validation passed. Found 0 plugins.
2025-05-31 16:03:58,375 - __main__ - INFO - Python Executor gRPC server started on localhost:50051
2025-05-31 16:03:58,375 - __main__ - INFO - Additional plugin directories: ['example_plugins']
2025-05-31 16:04:25,631 - python_executor.server - INFO - Listing available plugins
2025-05-31 16:04:25,632 - python_executor.server - INFO - Added 3 plugins from example_plugins
2025-05-31 16:04:25,663 - python_executor.server - INFO - Found 3 plugins (filtered from 3 total)
2025-05-31 16:05:26,478 - __main__ - INFO - Received shutdown signal, stopping server...
2025-05-31 16:13:21,390 - python_executor.server - INFO - WebhookExecutorServicer initialized
2025-05-31 16:13:21,391 - python_executor.server - INFO - Plugin directories: ['example_plugins']
2025-05-31 16:13:21,392 - webhook_bridge.filesystem - INFO - Extra path: None
2025-05-31 16:13:21,393 - webhook_bridge.filesystem - INFO - Added default plugin path: C:\github\webhook_bridge\webhook_bridge\plugins
2025-05-31 16:13:21,393 - webhook_bridge.filesystem - INFO - Searching for plugins in paths: ['C:\\github\\webhook_bridge\\webhook_bridge\\plugins']
2025-05-31 16:13:21,393 - webhook_bridge.filesystem - WARNING - Plugin path not found or not a directory: C:\github\webhook_bridge\webhook_bridge\plugins
2025-05-31 16:13:21,393 - webhook_bridge.filesystem - INFO - Found 0 plugins: []
2025-05-31 16:13:21,393 - python_executor.server - INFO - Environment validation passed. Found 0 plugins.
2025-05-31 16:13:21,396 - __main__ - INFO - Python Executor gRPC server started on localhost:50051
2025-05-31 16:13:21,396 - __main__ - INFO - Additional plugin directories: ['example_plugins']
2025-05-31 16:13:29,914 - python_executor.server - INFO - Listing available plugins
2025-05-31 16:13:29,916 - python_executor.server - INFO - Added 3 plugins from example_plugins
2025-05-31 16:13:29,986 - python_executor.server - INFO - Found 3 plugins (filtered from 3 total)
2025-05-31 16:14:19,453 - python_executor.server - INFO - Added 3 plugins from example_plugins
2025-05-31 16:14:57,323 - __main__ - INFO - Received shutdown signal, stopping server...
2025-05-31 16:15:31,695 - python_executor.server - INFO - WebhookExecutorServicer initialized
2025-05-31 16:15:31,699 - python_executor.server - INFO - Plugin directories: ['example_plugins']
2025-05-31 16:15:31,700 - webhook_bridge.filesystem - INFO - Extra path: None
2025-05-31 16:15:31,700 - webhook_bridge.filesystem - INFO - Added default plugin path: C:\github\webhook_bridge\webhook_bridge\plugins
2025-05-31 16:15:31,701 - webhook_bridge.filesystem - INFO - Searching for plugins in paths: ['C:\\github\\webhook_bridge\\webhook_bridge\\plugins']
2025-05-31 16:15:31,701 - webhook_bridge.filesystem - WARNING - Plugin path not found or not a directory: C:\github\webhook_bridge\webhook_bridge\plugins
2025-05-31 16:15:31,702 - webhook_bridge.filesystem - INFO - Found 0 plugins: []
2025-05-31 16:15:31,704 - python_executor.server - INFO - Environment validation passed. Found 0 plugins.
2025-05-31 16:15:31,708 - __main__ - INFO - Python Executor gRPC server started on localhost:60051
2025-05-31 16:15:31,709 - __main__ - INFO - Additional plugin directories: ['example_plugins']
2025-05-31 16:16:15,111 - python_executor.server - INFO - Added 3 plugins from example_plugins
2025-05-31 16:16:29,071 - __main__ - INFO - Received shutdown signal, stopping server...
